<?xml version="1.0" encoding="UTF-8"?>
<testng-results ignored="0" total="4" passed="4" failed="0" skipped="0">
  <reporter-output>
  </reporter-output>
  <suite started-at="2025-04-02T14:59:15 IST" name="Suite" finished-at="2025-04-02T14:59:43 IST" duration-ms="27836">
    <groups>
      <group name="cucumber">
        <method signature="AbstractTestNGCucumberTests.runScenario(io.cucumber.testng.PickleWrapper,io.cucumber.testng.FeatureWrapper)[pri:0, instance:runner.runnerTestNG@c8c12ac]" name="runScenario" class="io.cucumber.testng.AbstractTestNGCucumberTests"/>
      </group> <!-- cucumber -->
    </groups>
    <test started-at="2025-04-02T14:59:15 IST" name="Test" finished-at="2025-04-02T14:59:43 IST" duration-ms="27836">
      <class name="runner.runnerTestNG">
        <test-method is-config="true" signature="setUpClass(org.testng.ITestContext)[pri:0, instance:runner.runnerTestNG@c8c12ac]" started-at="2025-04-02T14:59:15 IST" name="setUpClass" finished-at="2025-04-02T14:59:16 IST" duration-ms="335" status="PASS">
          <params>
            <param index="0">
              <value>
                <![CDATA[org.testng.TestRunner@7a0f244f]]>
              </value>
            </param>
          </params>
          <reporter-output>
          </reporter-output>
        </test-method> <!-- setUpClass -->
        <test-method signature="runScenario(io.cucumber.testng.PickleWrapper,io.cucumber.testng.FeatureWrapper)[pri:0, instance:runner.runnerTestNG@c8c12ac]" started-at="2025-04-02T14:59:16 IST" name="runScenario" description="Runs Cucumber Scenarios" data-provider="scenarios" finished-at="2025-04-02T14:59:26 IST" duration-ms="10737" status="PASS">
          <params>
            <param index="0">
              <value>
                <![CDATA["To test Login features with valid username and password"]]>
              </value>
            </param>
            <param index="1">
              <value>
                <![CDATA["SauceDemo Feature"]]>
              </value>
            </param>
          </params>
          <reporter-output>
          </reporter-output>
        </test-method> <!-- runScenario -->
        <test-method signature="runScenario(io.cucumber.testng.PickleWrapper,io.cucumber.testng.FeatureWrapper)[pri:0, instance:runner.runnerTestNG@c8c12ac]" started-at="2025-04-02T14:59:26 IST" name="runScenario" description="Runs Cucumber Scenarios" data-provider="scenarios" finished-at="2025-04-02T14:59:33 IST" duration-ms="6485" status="PASS">
          <params>
            <param index="0">
              <value>
                <![CDATA["To test Login features with invalid username"]]>
              </value>
            </param>
            <param index="1">
              <value>
                <![CDATA["SauceDemo Feature"]]>
              </value>
            </param>
          </params>
          <reporter-output>
          </reporter-output>
        </test-method> <!-- runScenario -->
        <test-method signature="runScenario(io.cucumber.testng.PickleWrapper,io.cucumber.testng.FeatureWrapper)[pri:0, instance:runner.runnerTestNG@c8c12ac]" started-at="2025-04-02T14:59:33 IST" name="runScenario" description="Runs Cucumber Scenarios" data-provider="scenarios" finished-at="2025-04-02T14:59:36 IST" duration-ms="3514" status="PASS">
          <params>
            <param index="0">
              <value>
                <![CDATA["To test Login features with invalid password"]]>
              </value>
            </param>
            <param index="1">
              <value>
                <![CDATA["SauceDemo Feature"]]>
              </value>
            </param>
          </params>
          <reporter-output>
          </reporter-output>
        </test-method> <!-- runScenario -->
        <test-method signature="runScenario(io.cucumber.testng.PickleWrapper,io.cucumber.testng.FeatureWrapper)[pri:0, instance:runner.runnerTestNG@c8c12ac]" started-at="2025-04-02T14:59:36 IST" name="runScenario" description="Runs Cucumber Scenarios" data-provider="scenarios" finished-at="2025-04-02T14:59:43 IST" duration-ms="6365" status="PASS">
          <params>
            <param index="0">
              <value>
                <![CDATA["To test Login features with invalid username and password"]]>
              </value>
            </param>
            <param index="1">
              <value>
                <![CDATA["SauceDemo Feature"]]>
              </value>
            </param>
          </params>
          <reporter-output>
          </reporter-output>
        </test-method> <!-- runScenario -->
        <test-method is-config="true" signature="tearDownClass()[pri:0, instance:runner.runnerTestNG@c8c12ac]" started-at="2025-04-02T14:59:43 IST" name="tearDownClass" finished-at="2025-04-02T14:59:43 IST" duration-ms="342" status="PASS">
          <reporter-output>
          </reporter-output>
        </test-method> <!-- tearDownClass -->
      </class> <!-- runner.runnerTestNG -->
    </test> <!-- Test -->
  </suite> <!-- Suite -->
</testng-results>
