<?xml version="1.0" encoding="UTF-8"?>
<testsuite xmlns:xsi="http://www.w3.org/2001/XMLSchema-instance" xsi:noNamespaceSchemaLocation="https://maven.apache.org/surefire/maven-surefire-plugin/xsd/surefire-test-report.xsd" version="3.0.2" name="TestSuite" time="23.521" tests="4" errors="0" skipped="0" failures="0">
  <properties>
[...]
</properties>
  <testcase name="runScenario[&quot;To test Login features with valid username and password&quot;, &quot;SauceDemo Feature&quot;](1)" classname="runner.runnerTestNG" time="12.078">
    <system-out><![CDATA[
@ValidCredentials
Scenario: To test Login features with valid username and password   &amp#27;[90m# src/test/resources/com/features/SaucedemoLogin.feature:5&amp#27;[0m
  &amp#27;[32mGiven &amp#27;[0m&amp#27;[32mthe user in on Login page&amp#27;[0m                                   &amp#27;[90m# stepDefinitions.LoginStepDefSauceDemo.the_user_in_on_login_page()&amp#27;[0m
  &amp#27;[32mWhen &amp#27;[0m&amp#27;[32mthe user provides the valid username&amp#27;[0m                         &amp#27;[90m# stepDefinitions.LoginStepDefSauceDemo.the_user_provides_the_valid_username()&amp#27;[0m
  &amp#27;[32mAnd &amp#27;[0m&amp#27;[32mthe user provides the valid password&amp#27;[0m                          &amp#27;[90m# stepDefinitions.LoginStepDefSauceDemo.the_user_provides_the_valid_password()&amp#27;[0m
  &amp#27;[32mAnd &amp#27;[0m&amp#27;[32mthe user clicks the login button&amp#27;[0m                              &amp#27;[90m# stepDefinitions.LoginStepDefSauceDemo.the_user_clicks_the_login_button()&amp#27;[0m
Loggedin successfully
  &amp#27;[32mThen &amp#27;[0m&amp#27;[32mthe user is able to visible the ProductText in the same page&amp#27;[0m &amp#27;[90m# stepDefinitions.LoginStepDefSauceDemo.the_user_is_able_to_visible_the_product_text_in_the_same_page()&amp#27;[0m
]]></system-out>
    <system-err><![CDATA[SLF4J(W): No SLF4J providers were found.
SLF4J(W): Defaulting to no-operation (NOP) logger implementation
SLF4J(W): See https://www.slf4j.org/codes.html#noProviders for further details.
]]></system-err>
  </testcase>
  <testcase name="runScenario[&quot;To test Login features with invalid username&quot;, &quot;SauceDemo Feature&quot;](2)" classname="runner.runnerTestNG" time="3.447">
    <system-out><![CDATA[
@InValidCredentialsWithBlankUsername
Scenario: To test Login features with invalid username &amp#27;[90m# src/test/resources/com/features/SaucedemoLogin.feature:13&amp#27;[0m
  &amp#27;[32mGiven &amp#27;[0m&amp#27;[32mthe user in on Login page&amp#27;[0m                      &amp#27;[90m# stepDefinitions.LoginStepDefSauceDemo.the_user_in_on_login_page()&amp#27;[0m
  &amp#27;[32mWhen &amp#27;[0m&amp#27;[32mthe user provides the blank username&amp#27;[0m            &amp#27;[90m# stepDefinitions.LoginStepDefSauceDemo.the_user_provides_the_blank_username()&amp#27;[0m
  &amp#27;[32mAnd &amp#27;[0m&amp#27;[32mthe user provides the valid password&amp#27;[0m             &amp#27;[90m# stepDefinitions.LoginStepDefSauceDemo.the_user_provides_the_valid_password()&amp#27;[0m
  &amp#27;[32mAnd &amp#27;[0m&amp#27;[32mthe user clicks the login button&amp#27;[0m                 &amp#27;[90m# stepDefinitions.LoginStepDefSauceDemo.the_user_clicks_the_login_button()&amp#27;[0m
---------------Epic sadface: Username is required---------------
  &amp#27;[32mThen &amp#27;[0m&amp#27;[32mthe user is able to visible the error message&amp#27;[0m   &amp#27;[90m# stepDefinitions.LoginStepDefSauceDemo.the_user_is_able_to_visible_the_error_message()&amp#27;[0m
]]></system-out>
  </testcase>
  <testcase name="runScenario[&quot;To test Login features with invalid password&quot;, &quot;SauceDemo Feature&quot;](3)" classname="runner.runnerTestNG" time="3.23">
    <system-out><![CDATA[
@InValidCredentialsWithBlankPassword
Scenario: To test Login features with invalid password &amp#27;[90m# src/test/resources/com/features/SaucedemoLogin.feature:21&amp#27;[0m
  &amp#27;[32mGiven &amp#27;[0m&amp#27;[32mthe user in on Login page&amp#27;[0m                      &amp#27;[90m# stepDefinitions.LoginStepDefSauceDemo.the_user_in_on_login_page()&amp#27;[0m
  &amp#27;[32mWhen &amp#27;[0m&amp#27;[32mthe user provides the valid username&amp#27;[0m            &amp#27;[90m# stepDefinitions.LoginStepDefSauceDemo.the_user_provides_the_valid_username()&amp#27;[0m
  &amp#27;[32mAnd &amp#27;[0m&amp#27;[32mthe user provides the blank password&amp#27;[0m             &amp#27;[90m# stepDefinitions.LoginStepDefSauceDemo.the_user_provides_the_blank_password()&amp#27;[0m
  &amp#27;[32mAnd &amp#27;[0m&amp#27;[32mthe user clicks the login button&amp#27;[0m                 &amp#27;[90m# stepDefinitions.LoginStepDefSauceDemo.the_user_clicks_the_login_button()&amp#27;[0m
---------------Epic sadface: Password is required---------------
  &amp#27;[32mThen &amp#27;[0m&amp#27;[32mthe user is able to visible the error message&amp#27;[0m   &amp#27;[90m# stepDefinitions.LoginStepDefSauceDemo.the_user_is_able_to_visible_the_error_message()&amp#27;[0m
]]></system-out>
  </testcase>
  <testcase name="runScenario[&quot;To test Login features with invalid username and password&quot;, &quot;SauceDemo Feature&quot;](4)" classname="runner.runnerTestNG" time="3.17">
    <system-out><![CDATA[
@InValidCredentials
Scenario: To test Login features with invalid username and password &amp#27;[90m# src/test/resources/com/features/SaucedemoLogin.feature:29&amp#27;[0m
  &amp#27;[32mGiven &amp#27;[0m&amp#27;[32mthe user in on Login page&amp#27;[0m                                   &amp#27;[90m# stepDefinitions.LoginStepDefSauceDemo.the_user_in_on_login_page()&amp#27;[0m
  &amp#27;[32mWhen &amp#27;[0m&amp#27;[32mthe user provides the invalid username&amp#27;[0m                       &amp#27;[90m# stepDefinitions.LoginStepDefSauceDemo.the_user_provides_the_invalid_username()&amp#27;[0m
  &amp#27;[32mAnd &amp#27;[0m&amp#27;[32mthe user provides the invalid password&amp#27;[0m                        &amp#27;[90m# stepDefinitions.LoginStepDefSauceDemo.the_user_provides_the_invalid_password()&amp#27;[0m
  &amp#27;[32mAnd &amp#27;[0m&amp#27;[32mthe user clicks the login button&amp#27;[0m                              &amp#27;[90m# stepDefinitions.LoginStepDefSauceDemo.the_user_clicks_the_login_button()&amp#27;[0m
---------------Epic sadface: Username and password do not match any user in this service---------------
  &amp#27;[32mThen &amp#27;[0m&amp#27;[32mthe user is able to visible the error message&amp#27;[0m                &amp#27;[90m# stepDefinitions.LoginStepDefSauceDemo.the_user_is_able_to_visible_the_error_message()&amp#27;[0m
]]></system-out>
  </testcase>
</testsuite>