<?xml version="1.0" encoding="UTF-8"?>
<!-- Generated by org.testng.reporters.JUnitReportReporter -->
<testsuite hostname="Saranya" failures="1" tests="1" name="runner.Runner" time="26.253" errors="0" timestamp="2025-04-02T12:28:54 IST" skipped="0">
  <testcase classname="runner.Runner" name="runScenario" time="26.253">
    <failure message="Dashboard verification failed! expected [Dashboard] but found [Cockpit]" type="java.lang.AssertionError">
      <![CDATA[java.lang.AssertionError: Dashboard verification failed! expected [Dashboard] but found [Cockpit]
at org.testng.Assert.fail(Assert.java:111)
at org.testng.Assert.failNotEquals(Assert.java:1590)
at org.testng.Assert.assertEqualsImpl(Assert.java:150)
at org.testng.Assert.assertEquals(Assert.java:132)
at org.testng.Assert.assertEquals(Assert.java:656)
at stepDefinitions.LoginStepDefinition.the_user_can_see_the_dashboard(LoginStepDefinition.java:67)
at ✽.the user can see the dashboard(file:///C:/Users/saran/git/Cucumber_demo1/Cucumber_demo1/src/test/resources/com/features/Login.feature:10)
]]>
    </failure>
  </testcase> <!-- runScenario -->
</testsuite> <!-- runner.Runner -->
