<?xml version="1.0" encoding="UTF-8"?>
<testng-results ignored="0" total="8" passed="8" failed="0" skipped="0">
  <reporter-output>
  </reporter-output>
  <suite started-at="2025-04-02T17:10:50 IST" name="Suite" finished-at="2025-04-02T17:13:38 IST" duration-ms="167703">
    <groups>
      <group name="cucumber">
        <method signature="AbstractTestNGCucumberTests.runScenario(io.cucumber.testng.PickleWrapper,io.cucumber.testng.FeatureWrapper)[pri:0, instance:runner.runnerTestNG@4e08711f]" name="runScenario" class="io.cucumber.testng.AbstractTestNGCucumberTests"/>
      </group> <!-- cucumber -->
    </groups>
    <test started-at="2025-04-02T17:10:50 IST" name="Test" finished-at="2025-04-02T17:13:38 IST" duration-ms="167703">
      <class name="runner.runnerTestNG">
        <test-method is-config="true" signature="setUpClass(org.testng.ITestContext)[pri:0, instance:runner.runnerTestNG@4e08711f]" started-at="2025-04-02T17:10:50 IST" name="setUpClass" finished-at="2025-04-02T17:10:50 IST" duration-ms="383" status="PASS">
          <params>
            <param index="0">
              <value>
                <![CDATA[org.testng.TestRunner@4a50d04a]]>
              </value>
            </param>
          </params>
          <reporter-output>
          </reporter-output>
        </test-method> <!-- setUpClass -->
        <test-method signature="runScenario(io.cucumber.testng.PickleWrapper,io.cucumber.testng.FeatureWrapper)[pri:0, instance:runner.runnerTestNG@4e08711f]" started-at="2025-04-02T17:10:50 IST" name="runScenario" description="Runs Cucumber Scenarios" data-provider="scenarios" finished-at="2025-04-02T17:10:59 IST" duration-ms="8360" status="PASS">
          <params>
            <param index="0">
              <value>
                <![CDATA["To test login features of Sauce Demo website"]]>
              </value>
            </param>
            <param index="1">
              <value>
                <![CDATA["Login functionality for SauceDemo"]]>
              </value>
            </param>
          </params>
          <reporter-output>
          </reporter-output>
        </test-method> <!-- runScenario -->
        <test-method signature="runScenario(io.cucumber.testng.PickleWrapper,io.cucumber.testng.FeatureWrapper)[pri:0, instance:runner.runnerTestNG@4e08711f]" started-at="2025-04-02T17:10:59 IST" name="runScenario" description="Runs Cucumber Scenarios" data-provider="scenarios" finished-at="2025-04-02T17:11:16 IST" duration-ms="16782" status="PASS">
          <params>
            <param index="0">
              <value>
                <![CDATA["To test login features of Sauce Demo website"]]>
              </value>
            </param>
            <param index="1">
              <value>
                <![CDATA["Login functionality for SauceDemo"]]>
              </value>
            </param>
          </params>
          <reporter-output>
          </reporter-output>
        </test-method> <!-- runScenario -->
        <test-method signature="runScenario(io.cucumber.testng.PickleWrapper,io.cucumber.testng.FeatureWrapper)[pri:0, instance:runner.runnerTestNG@4e08711f]" started-at="2025-04-02T17:11:16 IST" name="runScenario" description="Runs Cucumber Scenarios" data-provider="scenarios" finished-at="2025-04-02T17:11:32 IST" duration-ms="16578" status="PASS">
          <params>
            <param index="0">
              <value>
                <![CDATA["To test login features of Sauce Demo website"]]>
              </value>
            </param>
            <param index="1">
              <value>
                <![CDATA["Login functionality for SauceDemo"]]>
              </value>
            </param>
          </params>
          <reporter-output>
          </reporter-output>
        </test-method> <!-- runScenario -->
        <test-method signature="runScenario(io.cucumber.testng.PickleWrapper,io.cucumber.testng.FeatureWrapper)[pri:0, instance:runner.runnerTestNG@4e08711f]" started-at="2025-04-02T17:11:32 IST" name="runScenario" description="Runs Cucumber Scenarios" data-provider="scenarios" finished-at="2025-04-02T17:11:49 IST" duration-ms="16653" status="PASS">
          <params>
            <param index="0">
              <value>
                <![CDATA["To test login features of Sauce Demo website"]]>
              </value>
            </param>
            <param index="1">
              <value>
                <![CDATA["Login functionality for SauceDemo"]]>
              </value>
            </param>
          </params>
          <reporter-output>
          </reporter-output>
        </test-method> <!-- runScenario -->
        <test-method signature="runScenario(io.cucumber.testng.PickleWrapper,io.cucumber.testng.FeatureWrapper)[pri:0, instance:runner.runnerTestNG@4e08711f]" started-at="2025-04-02T17:11:49 IST" name="runScenario" description="Runs Cucumber Scenarios" data-provider="scenarios" finished-at="2025-04-02T17:12:52 IST" duration-ms="63456" status="PASS">
          <params>
            <param index="0">
              <value>
                <![CDATA["To test Login features with valid username and password"]]>
              </value>
            </param>
            <param index="1">
              <value>
                <![CDATA["SauceDemo Feature"]]>
              </value>
            </param>
          </params>
          <reporter-output>
          </reporter-output>
        </test-method> <!-- runScenario -->
        <test-method signature="runScenario(io.cucumber.testng.PickleWrapper,io.cucumber.testng.FeatureWrapper)[pri:0, instance:runner.runnerTestNG@4e08711f]" started-at="2025-04-02T17:12:52 IST" name="runScenario" description="Runs Cucumber Scenarios" data-provider="scenarios" finished-at="2025-04-02T17:13:04 IST" duration-ms="11278" status="PASS">
          <params>
            <param index="0">
              <value>
                <![CDATA["To test Login features with invalid username"]]>
              </value>
            </param>
            <param index="1">
              <value>
                <![CDATA["SauceDemo Feature"]]>
              </value>
            </param>
          </params>
          <reporter-output>
          </reporter-output>
        </test-method> <!-- runScenario -->
        <test-method signature="runScenario(io.cucumber.testng.PickleWrapper,io.cucumber.testng.FeatureWrapper)[pri:0, instance:runner.runnerTestNG@4e08711f]" started-at="2025-04-02T17:13:04 IST" name="runScenario" description="Runs Cucumber Scenarios" data-provider="scenarios" finished-at="2025-04-02T17:13:28 IST" duration-ms="24042" status="PASS">
          <params>
            <param index="0">
              <value>
                <![CDATA["To test Login features with invalid password"]]>
              </value>
            </param>
            <param index="1">
              <value>
                <![CDATA["SauceDemo Feature"]]>
              </value>
            </param>
          </params>
          <reporter-output>
          </reporter-output>
        </test-method> <!-- runScenario -->
        <test-method signature="runScenario(io.cucumber.testng.PickleWrapper,io.cucumber.testng.FeatureWrapper)[pri:0, instance:runner.runnerTestNG@4e08711f]" started-at="2025-04-02T17:13:28 IST" name="runScenario" description="Runs Cucumber Scenarios" data-provider="scenarios" finished-at="2025-04-02T17:13:37 IST" duration-ms="9715" status="PASS">
          <params>
            <param index="0">
              <value>
                <![CDATA["To test Login features with invalid username and password"]]>
              </value>
            </param>
            <param index="1">
              <value>
                <![CDATA["SauceDemo Feature"]]>
              </value>
            </param>
          </params>
          <reporter-output>
          </reporter-output>
        </test-method> <!-- runScenario -->
        <test-method is-config="true" signature="tearDownClass()[pri:0, instance:runner.runnerTestNG@4e08711f]" started-at="2025-04-02T17:13:37 IST" name="tearDownClass" finished-at="2025-04-02T17:13:38 IST" duration-ms="380" status="PASS">
          <reporter-output>
          </reporter-output>
        </test-method> <!-- tearDownClass -->
      </class> <!-- runner.runnerTestNG -->
    </test> <!-- Test -->
  </suite> <!-- Suite -->
</testng-results>
